<?xml version="1.0" encoding="UTF-8"?>
<!-- Generated by org.testng.reporters.JUnitReportReporter -->
<testsuite hostname="LAPTOP-2FBMNK2C" failures="0" tests="1" name="TestClasses.VerifyUserCanLogin" time="3.519" errors="0" timestamp="2022-10-08T15:27:55 IST" skipped="0">
  <testcase classname="TestClasses.VerifyUserCanLogin" name="login" time="3.519"/>
  <system-out/>
</testsuite> <!-- TestClasses.VerifyUserCanLogin -->
